<?xml version="1.0" encoding="UTF-8"?>
<testng-results ignored="0" total="2" passed="2" failed="0" skipped="0">
  <reporter-output>
  </reporter-output>
  <suite started-at="2024-03-16T13:25:42 IST" name="Suite" finished-at="2024-03-16T13:25:55 IST" duration-ms="12828">
    <groups>
    </groups>
    <test started-at="2024-03-16T13:25:42 IST" name="Test" finished-at="2024-03-16T13:25:55 IST" duration-ms="12828">
      <class name="testdata.SignUp">
        <test-method is-config="true" signature="intialisebrowser()[pri:0, instance:testdata.SignUp@59505b48]" started-at="2024-03-16T13:25:42 IST" name="intialisebrowser" finished-at="2024-03-16T13:25:44 IST" duration-ms="1715" status="PASS">
          <reporter-output>
          </reporter-output>
        </test-method> <!-- intialisebrowser -->
        <test-method signature="Launchapplication()[pri:0, instance:testdata.SignUp@59505b48]" started-at="2024-03-16T13:25:44 IST" name="Launchapplication" finished-at="2024-03-16T13:25:50 IST" duration-ms="6049" status="PASS">
          <reporter-output>
          </reporter-output>
        </test-method> <!-- Launchapplication -->
        <test-method signature="ScrollUpWithoutArrow()[pri:23, instance:testdata.SignUp@59505b48]" started-at="2024-03-16T13:25:50 IST" name="ScrollUpWithoutArrow" finished-at="2024-03-16T13:25:55 IST" duration-ms="5018" status="PASS">
          <reporter-output>
          </reporter-output>
        </test-method> <!-- ScrollUpWithoutArrow -->
      </class> <!-- testdata.SignUp -->
    </test> <!-- Test -->
  </suite> <!-- Suite -->
</testng-results>
